<?xml version="1.0" encoding="UTF-8"?>
<coverage generated="1725546627057" clover="3.2.0">
  <project timestamp="1725546627057" name="All files">
    <metrics statements="24" coveredstatements="16" conditionals="4" coveredconditionals="1" methods="3" coveredmethods="1" elements="31" coveredelements="18" complexity="0" loc="24" ncloc="24" packages="1" files="1" classes="1"/>
    <file name="openAIAPI.ts" path="/Users/aaronchakerian/Documents/GitHub/octo-tribble-ts-testing/src/openAIAPI.ts">
      <metrics statements="24" coveredstatements="16" conditionals="4" coveredconditionals="1" methods="3" coveredmethods="1"/>
      <line num="1" count="1" type="stmt"/>
      <line num="2" count="1" type="stmt"/>
      <line num="4" count="1" type="stmt"/>
      <line num="5" count="1" type="stmt"/>
      <line num="6" count="1" type="stmt"/>
      <line num="9" count="1" type="stmt"/>
      <line num="14" count="1" type="stmt"/>
      <line num="20" count="1" type="stmt"/>
      <line num="25" count="1" type="stmt"/>
      <line num="31" count="1" type="stmt"/>
      <line num="33" count="1" type="stmt"/>
      <line num="39" count="1" type="stmt"/>
      <line num="40" count="1" type="cond" truecount="1" falsecount="1"/>
      <line num="41" count="0" type="stmt"/>
      <line num="43" count="0" type="stmt"/>
      <line num="44" count="0" type="stmt"/>
      <line num="48" count="1" type="stmt"/>
      <line num="52" count="1" type="stmt"/>
      <line num="53" count="1" type="cond" truecount="0" falsecount="1"/>
      <line num="54" count="0" type="stmt"/>
      <line num="55" count="0" type="stmt"/>
      <line num="56" count="0" type="stmt"/>
      <line num="60" count="0" type="cond" truecount="0" falsecount="1"/>
      <line num="62" count="0" type="stmt"/>
    </file>
  </project>
</coverage>
