{"/Users/aaronchakerian/Documents/GitHub/octo-tribble-ts-testing/src/aiInterface.ts": {"path":"/Users/aaronchakerian/Documents/GitHub/octo-tribble-ts-testing/src/aiInterface.ts","statementMap":{"0":{"start":{"line":5,"column":0},"end":{"line":5,"column":22}},"1":{"start":{"line":1,"column":0},"end":{"line":1,"column":44}},"2":{"start":{"line":2,"column":0},"end":{"line":2,"column":32}},"3":{"start":{"line":6,"column":2},"end":{"line":40,"column":3}},"4":{"start":{"line":7,"column":23},"end":{"line":7,"column":61}},"5":{"start":{"line":8,"column":20},"end":{"line":8,"column":52}},"6":{"start":{"line":10,"column":25},"end":{"line":10,"column":33}},"7":{"start":{"line":11,"column":22},"end":{"line":11,"column":30}},"8":{"start":{"line":13,"column":4},"end":{"line":13,"column":64}},"9":{"start":{"line":14,"column":4},"end":{"line":14,"column":61}},"10":{"start":{"line":16,"column":4},"end":{"line":18,"column":6}},"11":{"start":{"line":19,"column":4},"end":{"line":37,"column":7}},"12":{"start":{"line":19,"column":76},"end":{"line":37,"column":6}},"13":{"start":{"line":21,"column":6},"end":{"line":36,"column":7}},"14":{"start":{"line":22,"column":24},"end":{"line":22,"column":46}},"15":{"start":{"line":23,"column":29},"end":{"line":23,"column":48}},"16":{"start":{"line":24,"column":8},"end":{"line":26,"column":10}},"17":{"start":{"line":27,"column":25},"end":{"line":30,"column":null}},"18":{"start":{"line":32,"column":24},"end":{"line":32,"column":78}},"19":{"start":{"line":33,"column":8},"end":{"line":33,"column":48}},"20":{"start":{"line":34,"column":8},"end":{"line":34,"column":25}},"21":{"start":{"line":39,"column":4},"end":{"line":39,"column":35}}},"fnMap":{"0":{"name":"startMessageProcessor","decl":{"start":{"line":5,"column":22},"end":{"line":5,"column":43}},"loc":{"start":{"line":5,"column":43},"end":{"line":41,"column":null}}},"1":{"name":"(anonymous_15)","decl":{"start":{"line":19,"column":34},"end":{"line":19,"column":41}},"loc":{"start":{"line":19,"column":76},"end":{"line":37,"column":6}}},"2":{"name":"(anonymous_16)","decl":{"start":{"line":19,"column":76},"end":{"line":19,"column":null}},"loc":{"start":{"line":19,"column":76},"end":{"line":37,"column":5}}}},"branchMap":{"0":{"loc":{"start":{"line":21,"column":6},"end":{"line":36,"column":7}},"type":"if","locations":[{"start":{"line":21,"column":6},"end":{"line":36,"column":7}}]}},"s":{"0":1,"1":1,"2":1,"3":3,"4":3,"5":2,"6":2,"7":2,"8":2,"9":2,"10":2,"11":2,"12":1,"13":1,"14":1,"15":1,"16":1,"17":1,"18":0,"19":0,"20":0,"21":1},"f":{"0":3,"1":1,"2":1},"b":{"0":[1]}}
,"/Users/aaronchakerian/Documents/GitHub/octo-tribble-ts-testing/src/openAIAPI.ts": {"path":"/Users/aaronchakerian/Documents/GitHub/octo-tribble-ts-testing/src/openAIAPI.ts","statementMap":{"0":{"start":{"line":48,"column":9},"end":{"line":48,"column":22}},"1":{"start":{"line":1,"column":0},"end":{"line":1,"column":33}},"2":{"start":{"line":2,"column":0},"end":{"line":2,"column":16}},"3":{"start":{"line":4,"column":0},"end":{"line":4,"column":24}},"4":{"start":{"line":5,"column":0},"end":{"line":5,"column":32}},"5":{"start":{"line":6,"column":0},"end":{"line":6,"column":55}},"6":{"start":{"line":9,"column":13},"end":{"line":11,"column":3}},"7":{"start":{"line":14,"column":13},"end":{"line":17,"column":3}},"8":{"start":{"line":20,"column":13},"end":{"line":22,"column":3}},"9":{"start":{"line":25,"column":13},"end":{"line":27,"column":3}},"10":{"start":{"line":31,"column":2},"end":{"line":45,"column":3}},"11":{"start":{"line":33,"column":21},"end":{"line":37,"column":6}},"12":{"start":{"line":39,"column":25},"end":{"line":39,"column":60}},"13":{"start":{"line":40,"column":4},"end":{"line":41,"column":41}},"14":{"start":{"line":40,"column":30},"end":{"line":40,"column":58}},"15":{"start":{"line":41,"column":9},"end":{"line":41,"column":41}},"16":{"start":{"line":43,"column":4},"end":{"line":43,"column":35}},"17":{"start":{"line":44,"column":4},"end":{"line":44,"column":16}},"18":{"start":{"line":52,"column":14},"end":{"line":52,"column":19}},"19":{"start":{"line":53,"column":0},"end":{"line":65,"column":1}},"20":{"start":{"line":54,"column":2},"end":{"line":64,"column":7}},"21":{"start":{"line":54,"column":14},"end":{"line":64,"column":4}},"22":{"start":{"line":55,"column":4},"end":{"line":63,"column":5}},"23":{"start":{"line":56,"column":23},"end":{"line":58,"column":null}},"24":{"start":{"line":60,"column":6},"end":{"line":60,"column":63}},"25":{"start":{"line":60,"column":20},"end":{"line":60,"column":63}},"26":{"start":{"line":62,"column":6},"end":{"line":62,"column":53}}},"fnMap":{"0":{"name":"promptSubUUID","decl":{"start":{"line":30,"column":15},"end":{"line":30,"column":28}},"loc":{"start":{"line":30,"column":77},"end":{"line":46,"column":null}}},"1":{"name":"(anonymous_15)","decl":{"start":{"line":54,"column":3},"end":{"line":54,"column":12}},"loc":{"start":{"line":54,"column":14},"end":{"line":64,"column":4}}},"2":{"name":"(anonymous_16)","decl":{"start":{"line":54,"column":14},"end":{"line":54,"column":null}},"loc":{"start":{"line":54,"column":14},"end":{"line":64,"column":3}}}},"branchMap":{"0":{"loc":{"start":{"line":40,"column":4},"end":{"line":41,"column":41}},"type":"if","locations":[{"start":{"line":40,"column":4},"end":{"line":41,"column":41}},{"start":{"line":41,"column":9},"end":{"line":41,"column":41}}]},"1":{"loc":{"start":{"line":53,"column":0},"end":{"line":65,"column":1}},"type":"if","locations":[{"start":{"line":53,"column":0},"end":{"line":65,"column":1}}]},"2":{"loc":{"start":{"line":60,"column":6},"end":{"line":60,"column":63}},"type":"if","locations":[{"start":{"line":60,"column":6},"end":{"line":60,"column":63}}]}},"s":{"0":2,"1":2,"2":2,"3":2,"4":2,"5":2,"6":2,"7":2,"8":2,"9":2,"10":2,"11":2,"12":1,"13":1,"14":1,"15":0,"16":0,"17":0,"18":2,"19":2,"20":0,"21":0,"22":0,"23":0,"24":0,"25":0,"26":0},"f":{"0":2,"1":0,"2":0},"b":{"0":[1,0],"1":[0],"2":[0]}}
}
