TN:
SF:src/aiInterface.ts
FN:5,startMessageProcessor
FN:19,(anonymous_15)
FN:19,(anonymous_16)
FNF:3
FNH:3
FNDA:3,startMessageProcessor
FNDA:1,(anonymous_15)
FNDA:1,(anonymous_16)
DA:1,1
DA:2,1
DA:5,1
DA:6,3
DA:7,3
DA:8,2
DA:10,2
DA:11,2
DA:13,2
DA:14,2
DA:16,2
DA:19,2
DA:21,1
DA:22,1
DA:23,1
DA:24,1
DA:27,1
DA:32,0
DA:33,0
DA:34,0
DA:39,1
LF:21
LH:18
BRDA:21,0,0,1
BRF:1
BRH:1
end_of_record
TN:
SF:src/openAIAPI.ts
FN:30,promptSubUUID
FN:54,(anonymous_15)
FN:54,(anonymous_16)
FNF:3
FNH:1
FNDA:2,promptSubUUID
FNDA:0,(anonymous_15)
FNDA:0,(anonymous_16)
DA:1,2
DA:2,2
DA:4,2
DA:5,2
DA:6,2
DA:9,2
DA:14,2
DA:20,2
DA:25,2
DA:31,2
DA:33,2
DA:39,1
DA:40,1
DA:41,0
DA:43,0
DA:44,0
DA:48,2
DA:52,2
DA:53,2
DA:54,0
DA:55,0
DA:56,0
DA:60,0
DA:62,0
LF:24
LH:16
BRDA:40,0,0,1
BRDA:40,0,1,0
BRDA:53,1,0,0
BRDA:60,2,0,0
BRF:4
BRH:1
end_of_record
